<?xml version="1.0" encoding="UTF-8"?>
<testsuite name="com.dailyExpense.controller.ExpenseApiControllerTest" tests="1" skipped="0" failures="0" errors="0" timestamp="2025-03-30T09:56:57.916Z" hostname="s-MacBook-Pro.local" time="0.383">
  <properties/>
  <testcase name="addExpense: 글 추가에 성공한다." classname="com.dailyExpense.controller.ExpenseApiControllerTest" time="0.383"/>
  <system-out><![CDATA[18:56:56.611 [Test worker] INFO org.springframework.test.context.support.AnnotationConfigContextLoaderUtils -- Could not detect default configuration classes for test class [com.dailyExpense.controller.ExpenseApiControllerTest]: ExpenseApiControllerTest does not declare any static, non-private, non-final, nested classes annotated with @Configuration.
18:56:56.653 [Test worker] INFO org.springframework.boot.test.context.SpringBootTestContextBootstrapper -- Found @SpringBootConfiguration com.dailyExpense.DailyExpenseApplication for test class com.dailyExpense.controller.ExpenseApiControllerTest

  .   ____          _            __ _ _
 /\\ / ___'_ __ _ _(_)_ __  __ _ \ \ \ \
( ( )\___ | '_ | '_| | '_ \/ _` | \ \ \ \
 \\/  ___)| |_)| | | | | || (_| |  ) ) ) )
  '  |____| .__|_| |_|_| |_\__, | / / / /
 =========|_|==============|___/=/_/_/_/

 :: Spring Boot ::                (v3.4.4)

2025-03-30T18:56:56.790+09:00  INFO 19093 --- [    Test worker] c.d.controller.ExpenseApiControllerTest  : Starting ExpenseApiControllerTest using Java 17.0.13 with PID 19093 (started by woohee-kwon in /Users/woohee-kwon/main/Project/dailyexpense)
2025-03-30T18:56:56.790+09:00  INFO 19093 --- [    Test worker] c.d.controller.ExpenseApiControllerTest  : No active profile set, falling back to 1 default profile: "default"
2025-03-30T18:56:56.980+09:00  INFO 19093 --- [    Test worker] .s.d.r.c.RepositoryConfigurationDelegate : Bootstrapping Spring Data JPA repositories in DEFAULT mode.
2025-03-30T18:56:56.997+09:00  INFO 19093 --- [    Test worker] .s.d.r.c.RepositoryConfigurationDelegate : Finished Spring Data repository scanning in 14 ms. Found 1 JPA repository interface.
2025-03-30T18:56:57.116+09:00  INFO 19093 --- [    Test worker] o.hibernate.jpa.internal.util.LogHelper  : HHH000204: Processing PersistenceUnitInfo [name: default]
2025-03-30T18:56:57.131+09:00  INFO 19093 --- [    Test worker] org.hibernate.Version                    : HHH000412: Hibernate ORM core version 6.6.11.Final
2025-03-30T18:56:57.140+09:00  INFO 19093 --- [    Test worker] o.h.c.internal.RegionFactoryInitiator    : HHH000026: Second-level cache disabled
2025-03-30T18:56:57.224+09:00  INFO 19093 --- [    Test worker] o.s.o.j.p.SpringPersistenceUnitInfo      : No LoadTimeWeaver setup: ignoring JPA class transformer
2025-03-30T18:56:57.232+09:00  INFO 19093 --- [    Test worker] com.zaxxer.hikari.HikariDataSource       : HikariPool-1 - Starting...
2025-03-30T18:56:57.346+09:00  INFO 19093 --- [    Test worker] com.zaxxer.hikari.pool.HikariPool        : HikariPool-1 - Added connection com.mysql.cj.jdbc.ConnectionImpl@3a80c534
2025-03-30T18:56:57.346+09:00  INFO 19093 --- [    Test worker] com.zaxxer.hikari.HikariDataSource       : HikariPool-1 - Start completed.
2025-03-30T18:56:57.364+09:00  WARN 19093 --- [    Test worker] org.hibernate.orm.deprecation            : HHH90000025: MySQL8Dialect does not need to be specified explicitly using 'hibernate.dialect' (remove the property setting and it will be selected by default)
2025-03-30T18:56:57.365+09:00  WARN 19093 --- [    Test worker] org.hibernate.orm.deprecation            : HHH90000026: MySQL8Dialect has been deprecated; use org.hibernate.dialect.MySQLDialect instead
2025-03-30T18:56:57.373+09:00  INFO 19093 --- [    Test worker] org.hibernate.orm.connections.pooling    : HHH10001005: Database info:
	Database JDBC URL [Connecting through datasource 'HikariDataSource (HikariPool-1)']
	Database driver: undefined/unknown
	Database version: 8.0
	Autocommit mode: undefined/unknown
	Isolation level: undefined/unknown
	Minimum pool size: undefined/unknown
	Maximum pool size: undefined/unknown
2025-03-30T18:56:57.626+09:00  INFO 19093 --- [    Test worker] o.h.e.t.j.p.i.JtaPlatformInitiator       : HHH000489: No JTA platform available (set 'hibernate.transaction.jta.platform' to enable JTA platform integration)
2025-03-30T18:56:57.648+09:00  INFO 19093 --- [    Test worker] j.LocalContainerEntityManagerFactoryBean : Initialized JPA EntityManagerFactory for persistence unit 'default'
2025-03-30T18:56:57.767+09:00  WARN 19093 --- [    Test worker] JpaBaseConfiguration$JpaWebConfiguration : spring.jpa.open-in-view is enabled by default. Therefore, database queries may be performed during view rendering. Explicitly configure spring.jpa.open-in-view to disable this warning
2025-03-30T18:56:57.897+09:00  INFO 19093 --- [    Test worker] o.s.b.t.m.w.SpringBootMockServletContext : Initializing Spring TestDispatcherServlet ''
2025-03-30T18:56:57.897+09:00  INFO 19093 --- [    Test worker] o.s.t.web.servlet.TestDispatcherServlet  : Initializing Servlet ''
2025-03-30T18:56:57.898+09:00  INFO 19093 --- [    Test worker] o.s.t.web.servlet.TestDispatcherServlet  : Completed initialization in 1 ms
2025-03-30T18:56:57.911+09:00  INFO 19093 --- [    Test worker] c.d.controller.ExpenseApiControllerTest  : Started ExpenseApiControllerTest in 1.213 seconds (process running for 1.587)
2025-03-30T18:56:58.141+09:00  INFO 19093 --- [    Test worker] o.s.b.t.m.w.SpringBootMockServletContext : Initializing Spring TestDispatcherServlet ''
2025-03-30T18:56:58.141+09:00  INFO 19093 --- [    Test worker] o.s.t.web.servlet.TestDispatcherServlet  : Initializing Servlet ''
2025-03-30T18:56:58.141+09:00  INFO 19093 --- [    Test worker] o.s.t.web.servlet.TestDispatcherServlet  : Completed initialization in 0 ms
Hibernate: 
    select
        e1_0.id,
        e1_0.card_id,
        e1_0.category,
        e1_0.created_at,
        e1_0.payment_method,
        e1_0.price,
        e1_0.spent_date,
        e1_0.updated_at,
        e1_0.user_id 
    from
        expense e1_0
Hibernate: 
    delete 
    from
        expense 
    where
        id=?
Hibernate: 
    insert 
    into
        expense
        (card_id, category, created_at, payment_method, price, spent_date, updated_at, user_id) 
    values
        (?, ?, ?, ?, ?, ?, ?, ?)
Hibernate: 
    select
        e1_0.id,
        e1_0.card_id,
        e1_0.category,
        e1_0.created_at,
        e1_0.payment_method,
        e1_0.price,
        e1_0.spent_date,
        e1_0.updated_at,
        e1_0.user_id 
    from
        expense e1_0
]]></system-out>
  <system-err><![CDATA[]]></system-err>
</testsuite>
